This file contains any messages produced by compilers while
running configure, to aid debugging if configure makes a mistake.

It was created by anjuta_gvim configure 0.1, which was
generated by GNU Autoconf 2.62.  Invocation command line was

  $ ./configure --enable-maintainer-mode --prefix=/usr CXXFLAGS=-g -O0

## --------- ##
## Platform. ##
## --------- ##

hostname = vimzard
uname -m = i686
uname -r = 2.6.25-ARCH
uname -s = Linux
uname -v = #1 SMP PREEMPT Fri May 16 14:52:43 CEST 2008

/usr/bin/uname -p = unknown
/bin/uname -X     = unknown

/bin/arch              = i686
/usr/bin/arch -k       = unknown
/usr/convex/getsysinfo = unknown
/usr/bin/hostinfo      = unknown
/bin/machine           = unknown
/usr/bin/oslevel       = unknown
/bin/universe          = unknown

PATH: /bin
PATH: /usr/bin
PATH: /sbin
PATH: /usr/sbin
PATH: /usr/share/eclipse
PATH: /opt/java/bin
PATH: /opt/java/jre/bin
PATH: /opt/mozilla/bin
PATH: /usr/bin/perlbin/site
PATH: /usr/bin/perlbin/vendor
PATH: /usr/bin/perlbin/core
PATH: /opt/texlive/bin
PATH: /usr/local/bin
PATH: /opt/texlive/bin
PATH: /opt/java
PATH: /usr/share/eclipse


## ----------- ##
## Core tests. ##
## ----------- ##

configure:2125: checking for a BSD-compatible install
configure:2193: result: /bin/install -c
configure:2204: checking whether build environment is sane
configure:2247: result: yes
configure:2272: checking for a thread-safe mkdir -p
configure:2311: result: /bin/mkdir -p
configure:2324: checking for gawk
configure:2340: found /bin/gawk
configure:2351: result: gawk
configure:2362: checking whether make sets $(MAKE)
configure:2384: result: yes
configure:2574: checking whether to enable maintainer-specific portions of Makefiles
configure:2583: result: yes
configure:2609: checking for style of include used by make
configure:2637: result: GNU
configure:2707: checking for gcc
configure:2723: found /usr/bin/gcc
configure:2734: result: gcc
configure:2972: checking for C compiler version
configure:2980: gcc --version >&5
gcc (GCC) 4.3.1
Copyright (C) 2008 Free Software Foundation, Inc.
This is free software; see the source for copying conditions.  There is NO
warranty; not even for MERCHANTABILITY or FITNESS FOR A PARTICULAR PURPOSE.

configure:2984: $? = 0
configure:2991: gcc -v >&5
Using built-in specs.
Target: i686-pc-linux-gnu
Configured with: ../configure --prefix=/usr --enable-shared --enable-languages=c,c++,fortran,objc,obj-c++,treelang --enable-threads=posix --mandir=/usr/share/man --enable-__cxa_atexit --disable-multilib --libdir=/usr/lib --libexecdir=/usr/lib --enable-clocale=gnu --disable-libstdcxx-pch --with-tune=generic
Thread model: posix
gcc version 4.3.1 (GCC) 
configure:2995: $? = 0
configure:3002: gcc -V >&5
gcc: '-V' option must have argument
configure:3006: $? = 1
configure:3029: checking for C compiler default output file name
configure:3051: gcc    conftest.c  >&5
configure:3055: $? = 0
configure:3093: result: a.out
configure:3110: checking whether the C compiler works
configure:3120: ./a.out
configure:3124: $? = 0
configure:3141: result: yes
configure:3148: checking whether we are cross compiling
configure:3150: result: no
configure:3153: checking for suffix of executables
configure:3160: gcc -o conftest    conftest.c  >&5
configure:3164: $? = 0
configure:3188: result: 
configure:3194: checking for suffix of object files
configure:3220: gcc -c   conftest.c >&5
configure:3224: $? = 0
configure:3247: result: o
configure:3251: checking whether we are using the GNU C compiler
configure:3280: gcc -c   conftest.c >&5
configure:3287: $? = 0
configure:3304: result: yes
configure:3313: checking whether gcc accepts -g
configure:3343: gcc -c -g  conftest.c >&5
configure:3350: $? = 0
configure:3451: result: yes
configure:3468: checking for gcc option to accept ISO C89
configure:3542: gcc  -c -g -O2  conftest.c >&5
configure:3549: $? = 0
configure:3572: result: none needed
configure:3592: checking dependency style of gcc
configure:3683: result: gcc3
configure:3699: checking for library containing strerror
configure:3740: gcc -o conftest -g -O2   conftest.c  >&5
configure:3747: $? = 0
configure:3778: result: none required
configure:3834: checking for gcc
configure:3861: result: gcc
configure:4099: checking for C compiler version
configure:4107: gcc --version >&5
gcc (GCC) 4.3.1
Copyright (C) 2008 Free Software Foundation, Inc.
This is free software; see the source for copying conditions.  There is NO
warranty; not even for MERCHANTABILITY or FITNESS FOR A PARTICULAR PURPOSE.

configure:4111: $? = 0
configure:4118: gcc -v >&5
Using built-in specs.
Target: i686-pc-linux-gnu
Configured with: ../configure --prefix=/usr --enable-shared --enable-languages=c,c++,fortran,objc,obj-c++,treelang --enable-threads=posix --mandir=/usr/share/man --enable-__cxa_atexit --disable-multilib --libdir=/usr/lib --libexecdir=/usr/lib --enable-clocale=gnu --disable-libstdcxx-pch --with-tune=generic
Thread model: posix
gcc version 4.3.1 (GCC) 
configure:4122: $? = 0
configure:4129: gcc -V >&5
gcc: '-V' option must have argument
configure:4133: $? = 1
configure:4136: checking whether we are using the GNU C compiler
configure:4189: result: yes
configure:4198: checking whether gcc accepts -g
configure:4336: result: yes
configure:4353: checking for gcc option to accept ISO C89
configure:4457: result: none needed
configure:4477: checking dependency style of gcc
configure:4568: result: gcc3
configure:4631: checking for gcc
configure:4658: result: gcc
configure:4896: checking for C compiler version
configure:4904: gcc --version >&5
gcc (GCC) 4.3.1
Copyright (C) 2008 Free Software Foundation, Inc.
This is free software; see the source for copying conditions.  There is NO
warranty; not even for MERCHANTABILITY or FITNESS FOR A PARTICULAR PURPOSE.

configure:4908: $? = 0
configure:4915: gcc -v >&5
Using built-in specs.
Target: i686-pc-linux-gnu
Configured with: ../configure --prefix=/usr --enable-shared --enable-languages=c,c++,fortran,objc,obj-c++,treelang --enable-threads=posix --mandir=/usr/share/man --enable-__cxa_atexit --disable-multilib --libdir=/usr/lib --libexecdir=/usr/lib --enable-clocale=gnu --disable-libstdcxx-pch --with-tune=generic
Thread model: posix
gcc version 4.3.1 (GCC) 
configure:4919: $? = 0
configure:4926: gcc -V >&5
gcc: '-V' option must have argument
configure:4930: $? = 1
configure:4933: checking whether we are using the GNU C compiler
configure:4986: result: yes
configure:4995: checking whether gcc accepts -g
configure:5133: result: yes
configure:5150: checking for gcc option to accept ISO C89
configure:5254: result: none needed
configure:5274: checking dependency style of gcc
configure:5365: result: gcc3
configure:5388: checking how to run the C preprocessor
configure:5428: gcc -E  conftest.c
configure:5435: $? = 0
configure:5466: gcc -E  conftest.c
conftest.c:10:28: error: ac_nonexistent.h: No such file or directory
configure:5473: $? = 1
configure: failed program was:
| /* confdefs.h.  */
| #define PACKAGE_NAME "anjuta_gvim"
| #define PACKAGE_TARNAME "anjuta_gvim"
| #define PACKAGE_VERSION "0.1"
| #define PACKAGE_STRING "anjuta_gvim 0.1"
| #define PACKAGE_BUGREPORT ""
| #define PACKAGE "anjuta_gvim"
| #define VERSION "0.1"
| /* end confdefs.h.  */
| #include <ac_nonexistent.h>
configure:5506: result: gcc -E
configure:5535: gcc -E  conftest.c
configure:5542: $? = 0
configure:5573: gcc -E  conftest.c
conftest.c:10:28: error: ac_nonexistent.h: No such file or directory
configure:5580: $? = 1
configure: failed program was:
| /* confdefs.h.  */
| #define PACKAGE_NAME "anjuta_gvim"
| #define PACKAGE_TARNAME "anjuta_gvim"
| #define PACKAGE_VERSION "0.1"
| #define PACKAGE_STRING "anjuta_gvim 0.1"
| #define PACKAGE_BUGREPORT ""
| #define PACKAGE "anjuta_gvim"
| #define VERSION "0.1"
| /* end confdefs.h.  */
| #include <ac_nonexistent.h>
configure:5618: checking for grep that handles long lines and -e
configure:5678: result: /bin/grep
configure:5683: checking for egrep
configure:5747: result: /bin/grep -E
configure:5752: checking for ANSI C header files
configure:5782: gcc -c -g -O2  conftest.c >&5
configure:5789: $? = 0
configure:5888: gcc -o conftest -g -O2   conftest.c  >&5
configure:5892: $? = 0
configure:5898: ./conftest
configure:5902: $? = 0
configure:5920: result: yes
configure:5955: checking for sys/types.h
configure:5976: gcc -c -g -O2  conftest.c >&5
configure:5983: $? = 0
configure:6000: result: yes
configure:5955: checking for sys/stat.h
configure:5976: gcc -c -g -O2  conftest.c >&5
configure:5983: $? = 0
configure:6000: result: yes
configure:5955: checking for stdlib.h
configure:5976: gcc -c -g -O2  conftest.c >&5
configure:5983: $? = 0
configure:6000: result: yes
configure:5955: checking for string.h
configure:5976: gcc -c -g -O2  conftest.c >&5
configure:5983: $? = 0
configure:6000: result: yes
configure:5955: checking for memory.h
configure:5976: gcc -c -g -O2  conftest.c >&5
configure:5983: $? = 0
configure:6000: result: yes
configure:5955: checking for strings.h
configure:5976: gcc -c -g -O2  conftest.c >&5
configure:5983: $? = 0
configure:6000: result: yes
configure:5955: checking for inttypes.h
configure:5976: gcc -c -g -O2  conftest.c >&5
configure:5983: $? = 0
configure:6000: result: yes
configure:5955: checking for stdint.h
configure:5976: gcc -c -g -O2  conftest.c >&5
configure:5983: $? = 0
configure:6000: result: yes
configure:5955: checking for unistd.h
configure:5976: gcc -c -g -O2  conftest.c >&5
configure:5983: $? = 0
configure:6000: result: yes
configure:6030: checking locale.h usability
configure:6047: gcc -c -g -O2  conftest.c >&5
configure:6054: $? = 0
configure:6068: result: yes
configure:6072: checking locale.h presence
configure:6087: gcc -E  conftest.c
configure:6094: $? = 0
configure:6108: result: yes
configure:6136: checking for locale.h
configure:6145: result: yes
configure:6160: checking for LC_MESSAGES
configure:6186: gcc -o conftest -g -O2   conftest.c  >&5
configure:6193: $? = 0
configure:6213: result: yes
configure:6242: checking libintl.h usability
configure:6259: gcc -c -g -O2  conftest.c >&5
configure:6266: $? = 0
configure:6280: result: yes
configure:6284: checking libintl.h presence
configure:6299: gcc -E  conftest.c
configure:6306: $? = 0
configure:6320: result: yes
configure:6348: checking for libintl.h
configure:6355: result: yes
configure:6366: checking for ngettext in libc
configure:6394: gcc -o conftest -g -O2   conftest.c  >&5
configure:6401: $? = 0
configure:6422: result: yes
configure:6426: checking for dgettext in libc
configure:6454: gcc -o conftest -g -O2   conftest.c  >&5
configure:6461: $? = 0
configure:6482: result: yes
configure:6491: checking for bind_textdomain_codeset
configure:6547: gcc -o conftest -g -O2   conftest.c  >&5
configure:6554: $? = 0
configure:6576: result: yes
configure:7090: checking for msgfmt
configure:7117: result: /usr/bin/msgfmt
configure:7130: checking for dcgettext
configure:7186: gcc -o conftest -g -O2   conftest.c   >&5
conftest.c:48: warning: conflicting types for built-in function 'dcgettext'
configure:7193: $? = 0
configure:7215: result: yes
configure:7227: checking if msgfmt accepts -c
configure:7242: $MSGFMT -c -o /dev/null conftest.foo
configure:7245: $? = 0
configure:7247: result: yes
configure:7257: checking for gmsgfmt
configure:7288: result: /usr/bin/msgfmt
configure:7298: checking for xgettext
configure:7325: result: /usr/bin/xgettext
configure:7354: gcc -o conftest -g -O2   conftest.c   >&5
configure:7361: $? = 0
configure:7606: checking for intltool >= 0.35.0
configure:7613: result: 0.40.0 found
configure:7623: checking for intltool-update
configure:7641: found /usr/bin/intltool-update
configure:7653: result: /usr/bin/intltool-update
configure:7663: checking for intltool-merge
configure:7681: found /usr/bin/intltool-merge
configure:7693: result: /usr/bin/intltool-merge
configure:7703: checking for intltool-extract
configure:7721: found /usr/bin/intltool-extract
configure:7733: result: /usr/bin/intltool-extract
configure:7790: checking for xgettext
configure:7820: result: /usr/bin/xgettext
configure:7830: checking for msgmerge
configure:7848: found /usr/bin/msgmerge
configure:7860: result: /usr/bin/msgmerge
configure:7870: checking for msgfmt
configure:7900: result: /usr/bin/msgfmt
configure:7924: checking for perl
configure:7942: found /usr/bin/perl
configure:7954: result: /usr/bin/perl
configure:7973: checking for XML::Parser
configure:7976: result: ok
configure:8176: checking build system type
configure:8194: result: i686-pc-linux-gnu
configure:8216: checking host system type
configure:8231: result: i686-pc-linux-gnu
configure:8253: checking for a sed that does not truncate output
configure:8319: result: /bin/sed
configure:8337: checking for fgrep
configure:8401: result: /bin/grep -F
configure:8436: checking for ld used by gcc
configure:8503: result: /usr/bin/ld
configure:8512: checking if the linker (/usr/bin/ld) is GNU ld
configure:8527: result: yes
configure:8539: checking for BSD- or MS-compatible name lister (nm)
configure:8588: result: /usr/bin/nm -B
configure:8710: checking the name lister (/usr/bin/nm -B) interface
configure:8717: gcc -c -g -O2  conftest.c >&5
configure:8720: /usr/bin/nm -B "conftest.o"
configure:8723: output
00000000 B some_variable
configure:8730: result: BSD nm
configure:8733: checking whether ln -s works
configure:8737: result: yes
configure:8745: checking the maximum length of command line arguments
configure:8865: result: 1572864
configure:8882: checking whether the shell understands some XSI constructs
configure:8892: result: yes
configure:8896: checking whether the shell understands "+="
configure:8902: result: yes
configure:8937: checking for /usr/bin/ld option to reload object files
configure:8944: result: -r
configure:8971: checking how to recognize dependent libraries
configure:9161: result: pass_all
configure:9221: checking for ar
configure:9237: found /usr/bin/ar
configure:9248: result: ar
configure:9330: checking for strip
configure:9346: found /usr/bin/strip
configure:9357: result: strip
configure:9433: checking for ranlib
configure:9449: found /usr/bin/ranlib
configure:9460: result: ranlib
configure:9554: checking command to parse /usr/bin/nm -B output from gcc object
configure:9672: gcc -c -g -O2  conftest.c >&5
configure:9675: $? = 0
configure:9679: /usr/bin/nm -B conftest.o \| sed -n -e 's/^.*[	 ]\([ABCDGIRSTW][ABCDGIRSTW]*\)[	 ][	 ]*\([_A-Za-z][_A-Za-z0-9]*\)$/\1 \2 \2/p' \> conftest.nm
configure:9682: $? = 0
configure:9736: gcc -o conftest -g -O2   conftest.c conftstm.o >&5
configure:9739: $? = 0
configure:9777: result: ok
configure:10662: checking for dlfcn.h
configure:10683: gcc -c -g -O2  conftest.c >&5
configure:10690: $? = 0
configure:10707: result: yes
configure:10892: checking for objdir
configure:10907: result: .libs
configure:11199: checking if gcc supports -fno-rtti -fno-exceptions
configure:11217: gcc -c -g -O2  -fno-rtti -fno-exceptions conftest.c >&5
cc1: warning: command line option "-fno-rtti" is valid for C++/ObjC++ but not for C
configure:11221: $? = 0
configure:11234: result: no
configure:11254: checking for gcc option to produce PIC
configure:11511: result: -fPIC -DPIC
configure:11523: checking if gcc PIC flag -fPIC -DPIC works
configure:11541: gcc -c -g -O2  -fPIC -DPIC -DPIC conftest.c >&5
configure:11545: $? = 0
configure:11558: result: yes
configure:11582: checking if gcc static flag -static works
configure:11610: result: yes
configure:11625: checking if gcc supports -c -o file.o
configure:11646: gcc -c -g -O2  -o out/conftest2.o conftest.c >&5
configure:11650: $? = 0
configure:11672: result: yes
configure:11680: checking if gcc supports -c -o file.o
configure:11727: result: yes
configure:11760: checking whether the gcc linker (/usr/bin/ld) supports shared libraries
configure:12826: result: yes
configure:12863: checking whether -lc should be explicitly linked in
configure:12868: gcc -c -g -O2  conftest.c >&5
configure:12871: $? = 0
configure:12886: gcc -shared conftest.o  -v -Wl,-soname -Wl,conftest -o conftest 2\>\&1 \| /bin/grep  -lc  \>/dev/null 2\>\&1
configure:12889: $? = 0
configure:12901: result: no
configure:13065: checking dynamic linker characteristics
configure:13508: gcc -o conftest -g -O2   -Wl,-rpath -Wl,/foo conftest.c  >&5
configure:13515: $? = 0
configure:13748: result: GNU/Linux ld.so
configure:13850: checking how to hardcode library paths into programs
configure:13875: result: immediate
configure:14716: checking whether stripping libraries is possible
configure:14721: result: yes
configure:14756: checking if libtool supports shared libraries
configure:14758: result: yes
configure:14761: checking whether to build shared libraries
configure:14782: result: yes
configure:14785: checking whether to build static libraries
configure:14789: result: yes
configure:14875: checking for pkg-config
configure:14893: found /usr/bin/pkg-config
configure:14905: result: /usr/bin/pkg-config
configure:14934: checking pkg-config is at least version 0.9.0
configure:14937: result: yes
configure:14948: checking for LIBANJUTA
configure:14955: $PKG_CONFIG --exists --print-errors "libanjuta-1.0 dbus-glib-1 "
configure:14958: $? = 0
configure:14971: $PKG_CONFIG --exists --print-errors "libanjuta-1.0 dbus-glib-1 "
configure:14974: $? = 0
configure:15049: result: yes
configure:15218: creating ./config.status

## ---------------------- ##
## Running config.status. ##
## ---------------------- ##

This file was extended by anjuta_gvim config.status 0.1, which was
generated by GNU Autoconf 2.62.  Invocation command line was

  CONFIG_FILES    = 
  CONFIG_HEADERS  = 
  CONFIG_LINKS    = 
  CONFIG_COMMANDS = 
  $ ./config.status 

on vimzard

config.status:1069: creating Makefile
config.status:1069: creating src/Makefile
config.status:1069: creating po/Makefile.in
config.status:1069: creating config.h
config.status:1291: config.h is unchanged
config.status:1343: executing depfiles commands
config.status:1343: executing default-1 commands
config.status:1343: executing libtool commands
config.status:1343: executing po/stamp-it commands

## ---------------- ##
## Cache variables. ##
## ---------------- ##

ac_cv_build=i686-pc-linux-gnu
ac_cv_c_compiler_gnu=yes
ac_cv_env_CC_set=
ac_cv_env_CC_value=
ac_cv_env_CFLAGS_set=
ac_cv_env_CFLAGS_value=
ac_cv_env_CPPFLAGS_set=
ac_cv_env_CPPFLAGS_value=
ac_cv_env_CPP_set=
ac_cv_env_CPP_value=
ac_cv_env_LDFLAGS_set=
ac_cv_env_LDFLAGS_value=
ac_cv_env_LIBANJUTA_CFLAGS_set=
ac_cv_env_LIBANJUTA_CFLAGS_value=
ac_cv_env_LIBANJUTA_LIBS_set=
ac_cv_env_LIBANJUTA_LIBS_value=
ac_cv_env_LIBS_set=
ac_cv_env_LIBS_value=
ac_cv_env_PKG_CONFIG_set=
ac_cv_env_PKG_CONFIG_value=
ac_cv_env_build_alias_set=
ac_cv_env_build_alias_value=
ac_cv_env_host_alias_set=
ac_cv_env_host_alias_value=
ac_cv_env_target_alias_set=
ac_cv_env_target_alias_value=
ac_cv_func_bind_textdomain_codeset=yes
ac_cv_func_dcgettext=yes
ac_cv_header_dlfcn_h=yes
ac_cv_header_inttypes_h=yes
ac_cv_header_libintl_h=yes
ac_cv_header_locale_h=yes
ac_cv_header_memory_h=yes
ac_cv_header_stdc=yes
ac_cv_header_stdint_h=yes
ac_cv_header_stdlib_h=yes
ac_cv_header_string_h=yes
ac_cv_header_strings_h=yes
ac_cv_header_sys_stat_h=yes
ac_cv_header_sys_types_h=yes
ac_cv_header_unistd_h=yes
ac_cv_host=i686-pc-linux-gnu
ac_cv_objext=o
ac_cv_path_EGREP='/bin/grep -E'
ac_cv_path_FGREP='/bin/grep -F'
ac_cv_path_GMSGFMT=/usr/bin/msgfmt
ac_cv_path_GREP=/bin/grep
ac_cv_path_INTLTOOL_EXTRACT=/usr/bin/intltool-extract
ac_cv_path_INTLTOOL_MERGE=/usr/bin/intltool-merge
ac_cv_path_INTLTOOL_PERL=/usr/bin/perl
ac_cv_path_INTLTOOL_UPDATE=/usr/bin/intltool-update
ac_cv_path_MSGFMT=/usr/bin/msgfmt
ac_cv_path_MSGMERGE=/usr/bin/msgmerge
ac_cv_path_SED=/bin/sed
ac_cv_path_XGETTEXT=/usr/bin/xgettext
ac_cv_path_ac_pt_PKG_CONFIG=/usr/bin/pkg-config
ac_cv_path_install='/bin/install -c'
ac_cv_path_mkdir=/bin/mkdir
ac_cv_prog_AWK=gawk
ac_cv_prog_CPP='gcc -E'
ac_cv_prog_ac_ct_AR=ar
ac_cv_prog_ac_ct_CC=gcc
ac_cv_prog_ac_ct_RANLIB=ranlib
ac_cv_prog_ac_ct_STRIP=strip
ac_cv_prog_cc_c89=
ac_cv_prog_cc_g=yes
ac_cv_prog_make_make_set=yes
ac_cv_search_strerror='none required'
am_cv_CC_dependencies_compiler_type=gcc3
am_cv_prog_cc_stdc=
am_cv_val_LC_MESSAGES=yes
gt_cv_func_dgettext_libc=yes
gt_cv_func_dgettext_libintl=no
gt_cv_func_ngettext_libc=yes
gt_cv_have_gettext=yes
lt_cv_deplibs_check_method=pass_all
lt_cv_file_magic_cmd='$MAGIC_CMD'
lt_cv_file_magic_test_file=
lt_cv_ld_reload_flag=-r
lt_cv_nm_interface='BSD nm'
lt_cv_objdir=.libs
lt_cv_path_LD=/usr/bin/ld
lt_cv_path_NM='/usr/bin/nm -B'
lt_cv_prog_compiler_c_o=yes
lt_cv_prog_compiler_pic_works=yes
lt_cv_prog_compiler_rtti_exceptions=no
lt_cv_prog_compiler_static_works=yes
lt_cv_prog_gnu_ld=yes
lt_cv_sys_global_symbol_pipe='sed -n -e '\''s/^.*[	 ]\([ABCDGIRSTW][ABCDGIRSTW]*\)[	 ][	 ]*\([_A-Za-z][_A-Za-z0-9]*\)$/\1 \2 \2/p'\'''
lt_cv_sys_global_symbol_to_c_name_address='sed -n -e '\''s/^: \([^ ]*\) $/  {\"\1\", (void *) 0},/p'\'' -e '\''s/^[ABCDGIRSTW]* \([^ ]*\) \([^ ]*\)$/  {"\2", (void *) \&\2},/p'\'''
lt_cv_sys_global_symbol_to_c_name_address_lib_prefix='sed -n -e '\''s/^: \([^ ]*\) $/  {\"\1\", (void *) 0},/p'\'' -e '\''s/^[ABCDGIRSTW]* \([^ ]*\) \(lib[^ ]*\)$/  {"\2", (void *) \&\2},/p'\'' -e '\''s/^[ABCDGIRSTW]* \([^ ]*\) \([^ ]*\)$/  {"lib\2", (void *) \&\2},/p'\'''
lt_cv_sys_global_symbol_to_cdecl='sed -n -e '\''s/^T .* \(.*\)$/extern int \1();/p'\'' -e '\''s/^[ABCDGIRSTW]* .* \(.*\)$/extern char \1;/p'\'''
lt_cv_sys_max_cmd_len=1572864
pkg_cv_LIBANJUTA_CFLAGS='-DORBIT2=1 -pthread -I/usr/include/libanjuta-1.0 -I/usr/include/libgnomeui-2.0 -I/usr/include/libglade-2.0 -I/usr/include/libart-2.0 -I/usr/include/gconf/2 -I/usr/include/gnome-keyring-1 -I/usr/include/libgnome-2.0 -I/usr/include/libbonoboui-2.0 -I/usr/include/libgnomecanvas-2.0 -I/usr/include/gtk-2.0 -I/usr/include/gnome-vfs-2.0 -I/usr/lib/gnome-vfs-2.0/include -I/usr/include/orbit-2.0 -I/usr/include/glib-2.0 -I/usr/lib/glib-2.0/include -I/usr/include/libbonobo-2.0 -I/usr/include/bonobo-activation-2.0 -I/usr/include/libxml2 -I/usr/include/pango-1.0 -I/usr/include/gail-1.0 -I/usr/include/freetype2 -I/usr/include/atk-1.0 -I/usr/lib/gtk-2.0/include -I/usr/include/cairo -I/usr/include/libpng12 -I/usr/include/pixman-1 -I/usr/include/dbus-1.0 -I/usr/lib/dbus-1.0/include  '
pkg_cv_LIBANJUTA_LIBS='-pthread -lanjuta -lgnomeui-2 -lSM -lICE -lglade-2.0 -lbonoboui-2 -lgnomevfs-2 -lgnomecanvas-2 -lgnome-2 -lpopt -lbonobo-2 -lbonobo-activation -lORBit-2 -lart_lgpl_2 -lgconf-2 -lgthread-2.0 -lrt -lgtk-x11-2.0 -lxml2 -lgdk-x11-2.0 -latk-1.0 -lgdk_pixbuf-2.0 -lpangocairo-1.0 -lpango-1.0 -lcairo -lgmodule-2.0 -ldl -ldbus-glib-1 -ldbus-1 -lgobject-2.0 -lglib-2.0  '

## ----------------- ##
## Output variables. ##
## ----------------- ##

ACLOCAL='${SHELL} /home/teju/Projects/anjuta-gvim/missing --run aclocal-1.10'
ALL_LINGUAS=''
AMDEPBACKSLASH='\'
AMDEP_FALSE='#'
AMDEP_TRUE=''
AMTAR='${SHELL} /home/teju/Projects/anjuta-gvim/missing --run tar'
AR='ar'
AUTOCONF='${SHELL} /home/teju/Projects/anjuta-gvim/missing --run autoconf'
AUTOHEADER='${SHELL} /home/teju/Projects/anjuta-gvim/missing --run autoheader'
AUTOMAKE='${SHELL} /home/teju/Projects/anjuta-gvim/missing --run automake-1.10'
AWK='gawk'
CATALOGS=''
CATOBJEXT='.gmo'
CC='gcc'
CCDEPMODE='depmode=gcc3'
CFLAGS='-g -O2'
CPP='gcc -E'
CPPFLAGS=''
CYGPATH_W='echo'
DATADIRNAME='share'
DEFS='-DHAVE_CONFIG_H'
DEPDIR='.deps'
DSYMUTIL=''
DUMPBIN=''
ECHO_C=''
ECHO_N='-n'
ECHO_T=''
EGREP='/bin/grep -E'
EXEEXT=''
FGREP='/bin/grep -F'
GETTEXT_PACKAGE='anjuta_gvim'
GMOFILES=''
GMSGFMT='/usr/bin/msgfmt'
GREP='/bin/grep'
INSTALL_DATA='${INSTALL} -m 644'
INSTALL_PROGRAM='${INSTALL}'
INSTALL_SCRIPT='${INSTALL}'
INSTALL_STRIP_PROGRAM='$(install_sh) -c -s'
INSTOBJEXT='.mo'
INTLLIBS=''
INTLTOOL_CAVES_RULE='%.caves:     %.caves.in     $(INTLTOOL_MERGE) $(wildcard $(top_srcdir)/po/*.po) ; LC_ALL=C $(INTLTOOL_MERGE) -d -u -c $(top_builddir)/po/.intltool-merge-cache $(top_srcdir)/po $< $@'
INTLTOOL_DESKTOP_RULE='%.desktop:   %.desktop.in   $(INTLTOOL_MERGE) $(wildcard $(top_srcdir)/po/*.po) ; LC_ALL=C $(INTLTOOL_MERGE) -d -u -c $(top_builddir)/po/.intltool-merge-cache $(top_srcdir)/po $< $@'
INTLTOOL_DIRECTORY_RULE='%.directory: %.directory.in $(INTLTOOL_MERGE) $(wildcard $(top_srcdir)/po/*.po) ; LC_ALL=C $(INTLTOOL_MERGE) -d -u -c $(top_builddir)/po/.intltool-merge-cache $(top_srcdir)/po $< $@'
INTLTOOL_EXTRACT='/usr/bin/intltool-extract'
INTLTOOL_KBD_RULE='%.kbd:       %.kbd.in       $(INTLTOOL_MERGE) $(wildcard $(top_srcdir)/po/*.po) ; LC_ALL=C $(INTLTOOL_MERGE) -x -u -m -c $(top_builddir)/po/.intltool-merge-cache $(top_srcdir)/po $< $@'
INTLTOOL_KEYS_RULE='%.keys:      %.keys.in      $(INTLTOOL_MERGE) $(wildcard $(top_srcdir)/po/*.po) ; LC_ALL=C $(INTLTOOL_MERGE) -k -u -c $(top_builddir)/po/.intltool-merge-cache $(top_srcdir)/po $< $@'
INTLTOOL_MERGE='/usr/bin/intltool-merge'
INTLTOOL_OAF_RULE='%.oaf:       %.oaf.in       $(INTLTOOL_MERGE) $(wildcard $(top_srcdir)/po/*.po) ; LC_ALL=C $(INTLTOOL_MERGE) -o -p $(top_srcdir)/po $< $@'
INTLTOOL_PERL='/usr/bin/perl'
INTLTOOL_POLICY_RULE='%.policy:    %.policy.in    $(INTLTOOL_MERGE) $(wildcard $(top_srcdir)/po/*.po) ; LC_ALL=C $(INTLTOOL_MERGE) -x -u -c $(top_builddir)/po/.intltool-merge-cache $(top_srcdir)/po $< $@'
INTLTOOL_PONG_RULE='%.pong:      %.pong.in      $(INTLTOOL_MERGE) $(wildcard $(top_srcdir)/po/*.po) ; LC_ALL=C $(INTLTOOL_MERGE) -x -u -c $(top_builddir)/po/.intltool-merge-cache $(top_srcdir)/po $< $@'
INTLTOOL_PROP_RULE='%.prop:      %.prop.in      $(INTLTOOL_MERGE) $(wildcard $(top_srcdir)/po/*.po) ; LC_ALL=C $(INTLTOOL_MERGE) -d -u -c $(top_builddir)/po/.intltool-merge-cache $(top_srcdir)/po $< $@'
INTLTOOL_SCHEMAS_RULE='%.schemas:   %.schemas.in   $(INTLTOOL_MERGE) $(wildcard $(top_srcdir)/po/*.po) ; LC_ALL=C $(INTLTOOL_MERGE) -s -u -c $(top_builddir)/po/.intltool-merge-cache $(top_srcdir)/po $< $@'
INTLTOOL_SERVER_RULE='%.server:    %.server.in    $(INTLTOOL_MERGE) $(wildcard $(top_srcdir)/po/*.po) ; LC_ALL=C $(INTLTOOL_MERGE) -o -u -c $(top_builddir)/po/.intltool-merge-cache $(top_srcdir)/po $< $@'
INTLTOOL_SERVICE_RULE='%.service: %.service.in   $(INTLTOOL_MERGE) $(wildcard $(top_srcdir)/po/*.po) ; LC_ALL=C $(INTLTOOL_MERGE) -d -u -c $(top_builddir)/po/.intltool-merge-cache $(top_srcdir)/po $< $@'
INTLTOOL_SHEET_RULE='%.sheet:     %.sheet.in     $(INTLTOOL_MERGE) $(wildcard $(top_srcdir)/po/*.po) ; LC_ALL=C $(INTLTOOL_MERGE) -x -u -c $(top_builddir)/po/.intltool-merge-cache $(top_srcdir)/po $< $@'
INTLTOOL_SOUNDLIST_RULE='%.soundlist: %.soundlist.in $(INTLTOOL_MERGE) $(wildcard $(top_srcdir)/po/*.po) ; LC_ALL=C $(INTLTOOL_MERGE) -d -u -c $(top_builddir)/po/.intltool-merge-cache $(top_srcdir)/po $< $@'
INTLTOOL_THEME_RULE='%.theme:     %.theme.in     $(INTLTOOL_MERGE) $(wildcard $(top_srcdir)/po/*.po) ; LC_ALL=C $(INTLTOOL_MERGE) -d -u -c $(top_builddir)/po/.intltool-merge-cache $(top_srcdir)/po $< $@'
INTLTOOL_UI_RULE='%.ui:        %.ui.in        $(INTLTOOL_MERGE) $(wildcard $(top_srcdir)/po/*.po) ; LC_ALL=C $(INTLTOOL_MERGE) -x -u -c $(top_builddir)/po/.intltool-merge-cache $(top_srcdir)/po $< $@'
INTLTOOL_UPDATE='/usr/bin/intltool-update'
INTLTOOL_XAM_RULE='%.xam:       %.xml.in       $(INTLTOOL_MERGE) $(wildcard $(top_srcdir)/po/*.po) ; LC_ALL=C $(INTLTOOL_MERGE) -x -u -c $(top_builddir)/po/.intltool-merge-cache $(top_srcdir)/po $< $@'
INTLTOOL_XML_NOMERGE_RULE='%.xml:       %.xml.in       $(INTLTOOL_MERGE) ; LC_ALL=C $(INTLTOOL_MERGE) -x -u /tmp $< $@'
INTLTOOL_XML_RULE='%.xml:       %.xml.in       $(INTLTOOL_MERGE) $(wildcard $(top_srcdir)/po/*.po) ; LC_ALL=C $(INTLTOOL_MERGE) -x -u -c $(top_builddir)/po/.intltool-merge-cache $(top_srcdir)/po $< $@'
LD='/usr/bin/ld'
LDFLAGS=''
LIBANJUTA_CFLAGS='-DORBIT2=1 -pthread -I/usr/include/libanjuta-1.0 -I/usr/include/libgnomeui-2.0 -I/usr/include/libglade-2.0 -I/usr/include/libart-2.0 -I/usr/include/gconf/2 -I/usr/include/gnome-keyring-1 -I/usr/include/libgnome-2.0 -I/usr/include/libbonoboui-2.0 -I/usr/include/libgnomecanvas-2.0 -I/usr/include/gtk-2.0 -I/usr/include/gnome-vfs-2.0 -I/usr/lib/gnome-vfs-2.0/include -I/usr/include/orbit-2.0 -I/usr/include/glib-2.0 -I/usr/lib/glib-2.0/include -I/usr/include/libbonobo-2.0 -I/usr/include/bonobo-activation-2.0 -I/usr/include/libxml2 -I/usr/include/pango-1.0 -I/usr/include/gail-1.0 -I/usr/include/freetype2 -I/usr/include/atk-1.0 -I/usr/lib/gtk-2.0/include -I/usr/include/cairo -I/usr/include/libpng12 -I/usr/include/pixman-1 -I/usr/include/dbus-1.0 -I/usr/lib/dbus-1.0/include  '
LIBANJUTA_LIBS='-pthread -lanjuta -lgnomeui-2 -lSM -lICE -lglade-2.0 -lbonoboui-2 -lgnomevfs-2 -lgnomecanvas-2 -lgnome-2 -lpopt -lbonobo-2 -lbonobo-activation -lORBit-2 -lart_lgpl_2 -lgconf-2 -lgthread-2.0 -lrt -lgtk-x11-2.0 -lxml2 -lgdk-x11-2.0 -latk-1.0 -lgdk_pixbuf-2.0 -lpangocairo-1.0 -lpango-1.0 -lcairo -lgmodule-2.0 -ldl -ldbus-glib-1 -ldbus-1 -lgobject-2.0 -lglib-2.0  '
LIBOBJS=''
LIBS=''
LIBTOOL='$(SHELL) $(top_builddir)/libtool'
LIPO=''
LN_S='ln -s'
LTLIBOBJS=''
MAINT=''
MAINTAINER_MODE_FALSE='#'
MAINTAINER_MODE_TRUE=''
MAKEINFO='${SHELL} /home/teju/Projects/anjuta-gvim/missing --run makeinfo'
MKDIR_P='/bin/mkdir -p'
MKINSTALLDIRS='./mkinstalldirs'
MSGFMT='/usr/bin/msgfmt'
MSGFMT_OPTS='-c'
MSGMERGE='/usr/bin/msgmerge'
NM='/usr/bin/nm -B'
NMEDIT=''
OBJEXT='o'
OTOOL64=''
OTOOL=''
PACKAGE='anjuta_gvim'
PACKAGE_BUGREPORT=''
PACKAGE_NAME='anjuta_gvim'
PACKAGE_STRING='anjuta_gvim 0.1'
PACKAGE_TARNAME='anjuta_gvim'
PACKAGE_VERSION='0.1'
PATH_SEPARATOR=':'
PKG_CONFIG='/usr/bin/pkg-config'
POFILES=''
POSUB='po'
PO_IN_DATADIR_FALSE=''
PO_IN_DATADIR_TRUE=''
RANLIB='ranlib'
SED='/bin/sed'
SET_MAKE=''
SHELL='/bin/sh'
STRIP='strip'
USE_NLS='yes'
VERSION='0.1'
XGETTEXT='/usr/bin/xgettext'
ac_ct_CC='gcc'
ac_ct_DUMPBIN=''
am__fastdepCC_FALSE='#'
am__fastdepCC_TRUE=''
am__include='include'
am__isrc=''
am__leading_dot='.'
am__quote=''
am__tar='${AMTAR} chof - "$$tardir"'
am__untar='${AMTAR} xf -'
anjuta_data_dir='$(anjutadatadir)/anjuta'
anjuta_glade_dir='$(anjutadatadir)/anjuta/glade'
anjuta_image_dir='$(anjutadatadir)/pixmaps/anjuta'
anjuta_plugin_dir='$(anjutalibdir)/anjuta'
anjuta_ui_dir='$(anjutadatadir)/anjuta/ui'
anjutadatadir='/usr/share'
anjutalibdir='/usr/lib'
bindir='${exec_prefix}/bin'
build='i686-pc-linux-gnu'
build_alias=''
build_cpu='i686'
build_os='linux-gnu'
build_vendor='pc'
datadir='${datarootdir}'
datarootdir='${prefix}/share'
docdir='${datarootdir}/doc/${PACKAGE_TARNAME}'
dvidir='${docdir}'
exec_prefix='${prefix}'
host='i686-pc-linux-gnu'
host_alias=''
host_cpu='i686'
host_os='linux-gnu'
host_vendor='pc'
htmldir='${docdir}'
includedir='${prefix}/include'
infodir='${datarootdir}/info'
install_sh='$(SHELL) /home/teju/Projects/anjuta-gvim/install-sh'
libdir='${exec_prefix}/lib'
libexecdir='${exec_prefix}/libexec'
localedir='${datarootdir}/locale'
localstatedir='${prefix}/var'
lt_ECHO='echo'
mandir='${datarootdir}/man'
mkdir_p='/bin/mkdir -p'
oldincludedir='/usr/include'
pdfdir='${docdir}'
prefix='/usr'
program_transform_name='s,x,x,'
psdir='${docdir}'
sbindir='${exec_prefix}/sbin'
sharedstatedir='${prefix}/com'
sysconfdir='${prefix}/etc'
target_alias=''

## ----------- ##
## confdefs.h. ##
## ----------- ##

#define PACKAGE_NAME "anjuta_gvim"
#define PACKAGE_TARNAME "anjuta_gvim"
#define PACKAGE_VERSION "0.1"
#define PACKAGE_STRING "anjuta_gvim 0.1"
#define PACKAGE_BUGREPORT ""
#define PACKAGE "anjuta_gvim"
#define VERSION "0.1"
#define STDC_HEADERS 1
#define GETTEXT_PACKAGE "anjuta_gvim"
#define HAVE_SYS_TYPES_H 1
#define HAVE_SYS_STAT_H 1
#define HAVE_STDLIB_H 1
#define HAVE_STRING_H 1
#define HAVE_MEMORY_H 1
#define HAVE_STRINGS_H 1
#define HAVE_INTTYPES_H 1
#define HAVE_STDINT_H 1
#define HAVE_UNISTD_H 1
#define HAVE_LOCALE_H 1
#define HAVE_LC_MESSAGES 1
#define HAVE_BIND_TEXTDOMAIN_CODESET 1
#define HAVE_GETTEXT 1
#define HAVE_DCGETTEXT 1
#define ENABLE_NLS 1
#define HAVE_DLFCN_H 1
#define LT_OBJDIR ".libs/"

configure: exit 0

## ---------------------- ##
## Running config.status. ##
## ---------------------- ##

This file was extended by anjuta_gvim config.status 0.1, which was
generated by GNU Autoconf 2.62.  Invocation command line was

  CONFIG_FILES    = 
  CONFIG_HEADERS  = 
  CONFIG_LINKS    = 
  CONFIG_COMMANDS = 
  $ ./config.status config.h

on vimzard

config.status:1069: creating config.h
config.status:1291: config.h is unchanged
